app/proguard-rules.pro
# Don't obfuscate code
-dontobfuscate

# Our code
-keep class com.antplay.binding.input.evdev.* {*;}

# Moonlight common
-keep class com.antplay.nvstream.jni.* {*;}

# Okio
-keep class sun.misc.Unsafe {*;}
-dontwarn java.nio.file.*
-dontwarn org.codehaus.mojo.animal_sniffer.IgnoreJRERequirement
-dontwarn okio.**

# BouncyCastle
-keep class org.bouncycastle.jcajce.provider.asymmetric.* {*;}
-keep class org.bouncycastle.jcajce.provider.asymmetric.util.* {*;}
-keep class org.bouncycastle.jcajce.provider.asymmetric.rsa.* {*;}
-keep class org.bouncycastle.jcajce.provider.digest.** {*;}
-keep class org.bouncycastle.jcajce.provider.symmetric.** {*;}
-keep class org.bouncycastle.jcajce.spec.* {*;}
-keep class org.bouncycastle.jce.** {*;}
-dontwarn javax.naming.**

# jMDNS
-dontwarn javax.jmdns.impl.DNSCache
-dontwarn org.slf4j.**