app/build/outputs/mapping/nonRootDebug/seeds.txt
com.antplay.computers.ComputerManagerService
com.antplay.ui.LoginActivity
com.antplay.Game
com.antplay.AppView
com.antplay.preferences.LanguagePreference
com.antplay.preferences.ConfirmDeleteOscPreference
com.antplay.binding.input.evdev.EvdevCaptureProviderShim
com.antplay.PcView
com.antplay.preferences.SeekBarPreference
com.antplay.ShortcutTrampoline
com.antplay.HelpActivity
com.antplay.preferences.StreamSettings
com.antplay.discovery.DiscoveryService
com.antplay.preferences.SmallIconCheckboxPreference
com.antplay.PosterContentProvider
com.antplay.ui.StreamView
com.antplay.nvstream.jni.MoonBridge
com.antplay.preferences.AddComputerManually
com.antplay.binding.input.driver.UsbDriverService
com.antplay.binding.input.evdev.EvdevListener
com.antplay.nvstream.jni.MoonBridge$AudioConfiguration
com.antplay.nvstream.jni.MoonBridge: com.antplay.nvstream.av.audio.AudioRenderer audioRenderer
com.antplay.binding.input.evdev.EvdevListener: int BUTTON_X2
com.antplay.nvstream.jni.MoonBridge: int CAPABILITY_DIRECT_SUBMIT
com.antplay.nvstream.jni.MoonBridge: int ML_ERROR_UNEXPECTED_EARLY_TERMINATION
com.antplay.nvstream.jni.MoonBridge: int CONN_STATUS_POOR
com.antplay.nvstream.jni.MoonBridge: int FRAME_TYPE_PFRAME
com.antplay.nvstream.jni.MoonBridge: int ML_PORT_FLAG_TCP_47989
com.antplay.nvstream.jni.MoonBridge: int ML_ERROR_PROTECTED_CONTENT
com.antplay.nvstream.jni.MoonBridge: int ENCFLG_ALL
com.antplay.nvstream.jni.MoonBridge: int BUFFER_TYPE_SPS
com.antplay.nvstream.jni.MoonBridge: int DR_NEED_IDR
com.antplay.nvstream.jni.MoonBridge: int ML_TEST_RESULT_INCONCLUSIVE
com.antplay.nvstream.jni.MoonBridge: int BUFFER_TYPE_PPS
com.antplay.nvstream.jni.MoonBridge: int BUFFER_TYPE_PICDATA
com.antplay.nvstream.jni.MoonBridge: int FRAME_TYPE_IDR
com.antplay.nvstream.jni.MoonBridge: int VIDEO_FORMAT_H265
com.antplay.nvstream.jni.MoonBridge: com.antplay.nvstream.jni.MoonBridge$AudioConfiguration AUDIO_CONFIGURATION_STEREO
com.antplay.nvstream.jni.MoonBridge: int VIDEO_FORMAT_MASK_H265
com.antplay.nvstream.jni.MoonBridge: byte SS_KBE_FLAG_NON_NORMALIZED
com.antplay.binding.input.evdev.EvdevListener: int BUTTON_RIGHT
com.antplay.nvstream.jni.MoonBridge: int ML_PORT_FLAG_UDP_47998
com.antplay.nvstream.jni.MoonBridge: com.antplay.nvstream.NvConnectionListener connectionListener
com.antplay.nvstream.jni.MoonBridge: int ML_PORT_INDEX_TCP_48010
com.antplay.nvstream.jni.MoonBridge$AudioConfiguration: int channelMask
com.antplay.nvstream.jni.MoonBridge: com.antplay.nvstream.av.video.VideoDecoderRenderer videoRenderer
com.antplay.nvstream.jni.MoonBridge: int ML_ERROR_NO_VIDEO_FRAME
com.antplay.nvstream.jni.MoonBridge: int VIDEO_FORMAT_H264
com.antplay.nvstream.jni.MoonBridge: int CONN_STATUS_OKAY
com.antplay.nvstream.jni.MoonBridge: int ML_PORT_INDEX_UDP_48000
com.antplay.nvstream.jni.MoonBridge: com.antplay.nvstream.jni.MoonBridge$AudioConfiguration AUDIO_CONFIGURATION_51_SURROUND
com.antplay.nvstream.jni.MoonBridge: int ML_PORT_FLAG_TCP_48010
com.antplay.nvstream.jni.MoonBridge: int ML_PORT_FLAG_TCP_47984
com.antplay.nvstream.jni.MoonBridge: int ML_PORT_INDEX_UDP_48010
com.antplay.nvstream.jni.MoonBridge: int ENCFLG_NONE
com.antplay.nvstream.jni.MoonBridge: int VIDEO_FORMAT_MASK_H264
com.antplay.nvstream.jni.MoonBridge: int ML_ERROR_GRACEFUL_TERMINATION
com.antplay.nvstream.jni.MoonBridge: int VIDEO_FORMAT_H265_MAIN10
com.antplay.nvstream.jni.MoonBridge: int COLOR_RANGE_FULL
com.antplay.nvstream.jni.MoonBridge$AudioConfiguration: int channelCount
com.antplay.nvstream.jni.MoonBridge: int ML_ERROR_FRAME_CONVERSION
com.antplay.nvstream.jni.MoonBridge: int COLORSPACE_REC_709
com.antplay.nvstream.jni.MoonBridge: int ML_PORT_INDEX_TCP_47989
com.antplay.binding.input.evdev.EvdevListener: int BUTTON_LEFT
com.antplay.binding.input.evdev.EvdevListener: int BUTTON_X1
com.antplay.nvstream.jni.MoonBridge: int CAPABILITY_REFERENCE_FRAME_INVALIDATION_HEVC
com.antplay.nvstream.jni.MoonBridge: int DR_OK
com.antplay.nvstream.jni.MoonBridge: int ML_PORT_FLAG_UDP_47999
...
org.bouncycastle.jce.provider.PKIXNameConstraintValidatorException: java.lang.Throwable getCause()
org.bouncycastle.jcajce.provider.symmetric.PBEPKCS12$AlgParams: void engineInit(byte[],java.lang.String)
android.support.v4.widget.NestedScrollView: float getBottomFadingEdgeStrength()
org.bouncycastle.jce.provider.CertPathValidatorUtilities: void checkCRLsNotEmpty(org.bouncycastle.jcajce.PKIXCertRevocationCheckerParameters,java.util.Set,java.lang.Object)
org.bouncycastle.jce.provider.X509CertificateObject: boolean[] getKeyUsage()
org.bouncycastle.jce.provider.JCERSAPublicKey: int hashCode()
org.bouncycastle.jcajce.spec.EdDSAParameterSpec: java.lang.String getCurveName()
org.bouncycastle.jce.provider.WrappedRevocationChecker: void check(java.security.cert.Certificate)
org.bouncycastle.jcajce.provider.asymmetric.util.PrimeCertaintyCalculator: PrimeCertaintyCalculator()
org.bouncycastle.jcajce.provider.asymmetric.rsa.AlgorithmParametersSpi$OAEP: AlgorithmParametersSpi$OAEP()
org.bouncycastle.jce.exception.ExtCertPathValidatorException: ExtCertPathValidatorException(java.lang.String)
org.bouncycastle.jcajce.provider.symmetric.RC6$CFB: RC6$CFB()
org.bouncycastle.jcajce.provider.digest.RIPEMD320: RIPEMD320()
android.support.v7.widget.SearchView$SearchAutoComplete: void setImeVisibility(boolean)
org.bouncycastle.jcajce.provider.symmetric.SCRYPT: SCRYPT()
org.bouncycastle.jcajce.provider.symmetric.SM4$AlgParams: java.lang.String engineToString()
org.bouncycastle.jcajce.spec.CompositeAlgorithmSpec: java.util.List getParameterSpecs()
org.bouncycastle.jcajce.provider.symmetric.ARIA$WrapPad: ARIA$WrapPad()
org.bouncycastle.jcajce.provider.digest.SHA512$KeyGenerator: SHA512$KeyGenerator()
org.bouncycastle.jce.X509LDAPCertStoreParameters$Builder: java.lang.String access$2400(org.bouncycastle.jce.X509LDAPCertStoreParameters$Builder)
android.support.v7.widget.SearchView: SearchView(android.content.Context,android.util.AttributeSet)
org.bouncycastle.jcajce.provider.symmetric.HC128$AlgParams: java.lang.String engineToString()
org.bouncycastle.jcajce.provider.symmetric.SEED$Mappings: <clinit>()
org.jcodec.codecs.h264.H264Const$PartPred: org.jcodec.codecs.h264.H264Const$PartPred valueOf(java.lang.String)
org.bouncycastle.jcajce.provider.symmetric.util.BCPBEKey: int getKeySize()
org.bouncycastle.jcajce.provider.symmetric.GOST28147$GostWrap: GOST28147$GostWrap()
org.bouncycastle.jce.ECNamedCurveTable: ECNamedCurveTable()
org.bouncycastle.jcajce.provider.symmetric.AES$AlgParamsCCM: byte[] engineGetEncoded()
org.bouncycastle.jcajce.provider.symmetric.IDEA$AlgParamGen: IDEA$AlgParamGen()
org.bouncycastle.jcajce.provider.symmetric.RC2$PBEWithMD5KeyFactory: RC2$PBEWithMD5KeyFactory()
org.bouncycastle.jce.spec.GOST3410PrivateKeySpec: java.math.BigInteger getX()
org.bouncycastle.jcajce.provider.symmetric.Salsa20$AlgParams: Salsa20$AlgParams()
org.bouncycastle.jcajce.provider.digest.Whirlpool$Digest: Whirlpool$Digest()
org.bouncycastle.jcajce.spec.MQVParameterSpec: java.security.PrivateKey getEphemeralPrivateKey()
org.bouncycastle.crypto.digests.RIPEMD160Digest: RIPEMD160Digest()
org.bouncycastle.jcajce.provider.asymmetric.rsa.PSSSignatureSpi$SHA224withRSAandSHAKE128: PSSSignatureSpi$SHA224withRSAandSHAKE128()
org.bouncycastle.jcajce.provider.digest.Keccak$KeyGenerator224: Keccak$KeyGenerator224()
android.support.v7.widget.LinearLayoutCompat: LinearLayoutCompat(android.content.Context,android.util.AttributeSet,int)
org.bouncycastle.jcajce.provider.symmetric.util.BaseBlockCipher: BaseBlockCipher(org.bouncycastle.crypto.BlockCipher,int,int,int,int)
org.bouncycastle.jcajce.provider.digest.Blake2b$Blake2b384: Blake2b$Blake2b384()
org.bouncycastle.jcajce.provider.symmetric.ChaCha$KeyGen7539: ChaCha$KeyGen7539()
org.bouncycastle.jce.X509LDAPCertStoreParameters$Builder: org.bouncycastle.jce.X509LDAPCertStoreParameters$Builder setLdapAttributeDescriptorCertificateAttributeName(java.lang.String)