app/build/outputs/mapping/nonRootDebug/mapping.txt
# compiler: R8
# compiler_version: 3.3.83
# min_api: 24
# common_typos_disable
# {"id":"com.android.tools.r8.mapping","version":"2.0"}
# pg_map_id: 26df33d
# pg_map_hash: SHA-256 26df33dc22b7dfd7d77e7e9baf4596bd77834951b9d95056f8ce72cb1fd834ef
com.antplay.AppView -> com.antplay.AppView:
    com.antplay.grid.AppGridAdapter -$$Nest$fgetappGridAdapter(com.antplay.AppView) -> -$$Nest$fgetappGridAdapter
      # {"id":"com.android.tools.r8.synthesized"}
    com.antplay.utils.SpinnerDialog -$$Nest$fgetblockingLoadSpinner(com.antplay.AppView) -> -$$Nest$fgetblockingLoadSpinner
      # {"id":"com.android.tools.r8.synthesized"}
    com.antplay.nvstream.http.ComputerDetails -$$Nest$fgetcomputer(com.antplay.AppView) -> -$$Nest$fgetcomputer
      # {"id":"com.android.tools.r8.synthesized"}
    java.util.HashSet -$$Nest$fgethiddenAppIds(com.antplay.AppView) -> -$$Nest$fgethiddenAppIds
      # {"id":"com.android.tools.r8.synthesized"}
    java.lang.String -$$Nest$fgetlastRawApplist(com.antplay.AppView) -> -$$Nest$fgetlastRawApplist
      # {"id":"com.android.tools.r8.synthesized"}
    int -$$Nest$fgetlastRunningAppId(com.antplay.AppView) -> -$$Nest$fgetlastRunningAppId
      # {"id":"com.android.tools.r8.synthesized"}
    com.antplay.computers.ComputerManagerService$ComputerManagerBinder -$$Nest$fgetmanagerBinder(com.antplay.AppView) -> -$$Nest$fgetmanagerBinder
      # {"id":"com.android.tools.r8.synthesized"}
    com.antplay.computers.ComputerManagerService$ApplistPoller -$$Nest$fgetpoller(com.antplay.AppView) -> -$$Nest$fgetpoller
      # {"id":"com.android.tools.r8.synthesized"}
    com.antplay.utils.ShortcutHelper -$$Nest$fgetshortcutHelper(com.antplay.AppView) -> -$$Nest$fgetshortcutHelper
com.antplay.AppView$1 -> com.antplay.AppView$1:
    82:82:void <init>(com.antplay.AppView) -> <init>
    84:153:void onServiceConnected(android.content.ComponentName,android.os.IBinder) -> onServiceConnected
    156:157:void onServiceDisconnected(android.content.ComponentName) -> onServiceDisconnected
com.antplay.AppView$1$1 -> com.antplay.AppView$1$1:
    88:88:void <init>(com.antplay.AppView$1,com.antplay.computers.ComputerManagerService$ComputerManagerBinder) -> <init>
    92:151:void run() -> run
com.antplay.AppView$1$1$1 -> com.antplay.AppView$1$1$1:
    132:132:void <init>(com.antplay.AppView$1$1) -> <init>
    135:149:void run() -> run
com.antplay.AppView$2 -> com.antplay.AppView$2:
    187:187:void <init>(com.antplay.AppView) -> <init>
    191:259:void notifyComputerUpdated(com.antplay.nvstream.http.ComputerDetails) -> notifyComputerUpdated
com.antplay.AppView$2$1 -> com.antplay.AppView$2$1:
    202:202:void <init>(com.antplay.AppView$2) -> <init>
    206:208:void run() -> run
com.antplay.AppView$2$2 -> com.antplay.AppView$2$2:
    216:216:void <init>(com.antplay.AppView$2,com.antplay.nvstream.http.ComputerDetails) -> <init>
    220:226:void run() -> run
com.antplay.AppView$3 -> com.antplay.AppView$3:
    445:445:void <init>(com.antplay.AppView,com.antplay.AppView$AppObject) -> <init>
    448:449:void run() -> run
com.antplay.AppView$4 -> com.antplay.AppView$4:
    460:460:void <init>(com.antplay.AppView,com.antplay.AppView$AppObject) -> <init>
    463:475:void run() -> run
com.antplay.AppView$4$1 -> com.antplay.AppView$4$1:
    465:465:void <init>(com.antplay.AppView$4) -> <init>
    469:473:void run() -> run
com.antplay.AppView$5 -> com.antplay.AppView$5:
    509:509:void <init>(com.antplay.AppView,com.antplay.nvstream.http.ComputerDetails) -> <init>
    512:542:void run() -> run
com.antplay.AppView$6 -> com.antplay.AppView$6:
    547:547:void <init>(com.antplay.AppView,java.util.List) -> <init>
    550:616:void run() -> run
com.antplay.AppView$7 -> com.antplay.AppView$7:
    629:629:void <init>(com.antplay.AppView) -> <init>
    633:641:void onItemClick(android.widget.AdapterView,android.view.View,int,long) -> onItemClick
com.antplay.AppView$AppObject -> com.antplay.AppView$AppObject:
    653:658:void <init>(com.antplay.nvstream.http.NvApp) -> <init>
    662:662:java.lang.String toString() -> toString
com.antplay.BuildConfig -> com.antplay.BuildConfig:
    7:7:void <clinit>() -> <clinit>
...
javax.jmdns.impl.DNSEntry -> javax.jmdns.impl.DNSEntry:
    41:54:void <init>(java.lang.String,javax.jmdns.impl.constants.DNSRecordType,javax.jmdns.impl.constants.DNSRecordClass,boolean) -> <init>
    272:281:int compareTo(javax.jmdns.impl.DNSEntry) -> compareTo
    62:67:boolean equals(java.lang.Object) -> equals
    142:142:java.lang.String getKey() -> getKey
    126:126:java.lang.String getName() -> getName
    167:167:java.util.Map getQualifiedNameMap() -> getQualifiedNameMap
    156:156:javax.jmdns.impl.constants.DNSRecordClass getRecordClass() -> getRecordClass
    149:149:javax.jmdns.impl.constants.DNSRecordType getRecordType() -> getRecordType
    116:117:java.lang.String getSubtype() -> getSubtype
    133:133:java.lang.String getType() -> getType
    289:289:int hashCode() -> hashCode
    181:185:boolean isDomainDiscoveryQuery() -> isDomainDiscoveryQuery
    189:189:boolean isReverseLookup() -> isReverseLookup
    77:77:boolean isSameEntry(javax.jmdns.impl.DNSEntry) -> isSameEntry
    225:225:boolean isSameRecordClass(javax.jmdns.impl.DNSEntry) -> isSameRecordClass
    235:235:boolean isSameType(javax.jmdns.impl.DNSEntry) -> isSameType
    171:171:boolean isServicesDiscoveryMetaQuery() -> isServicesDiscoveryMetaQuery
    163:163:boolean isUnique() -> isUnique
    193:193:boolean isV4ReverseLookup() -> isV4ReverseLookup
    197:197:boolean isV6ReverseLookup() -> isV6ReverseLookup
javax.jmdns.impl.DNSIncoming -> javax.jmdns.impl.DNSIncoming:
    24:610:void <clinit>() -> <clinit>
    187:273:void <init>(java.net.DatagramPacket) -> <init>
    276:280:void <init>(int,int,boolean,java.net.DatagramPacket,long) -> <init>
    620:628:java.lang.String _hexString(byte[]) -> _hexString
    587:595:void append(javax.jmdns.impl.DNSIncoming) -> append
    23:23:java.lang.Object clone() -> clone
    288:294:javax.jmdns.impl.DNSIncoming clone() -> clone
    598:598:int elapseSinceArrival() -> elapseSinceArrival
    607:607:int getSenderUDPPayload() -> getSenderUDPPayload
    482:482:boolean isIPv4MappedIPv6Address(byte[]) -> isIPv4MappedIPv6Address
    495:502:java.lang.String print(boolean) -> print
    310:478:javax.jmdns.impl.DNSRecord readAnswer(java.net.InetAddress) -> readAnswer
    298:306:javax.jmdns.impl.DNSQuestion readQuestion() -> readQuestion
    507:577:java.lang.String toString() -> toString
javax.jmdns.impl.DNSIncoming$1 -> javax.jmdns.impl.DNSIncoming$1:
    123:402:void <clinit>() -> <clinit>
javax.jmdns.impl.DNSIncoming$MessageInputStream -> javax.jmdns.impl.DNSIncoming$MessageInputStream:
    31:31:void <clinit>() -> <clinit>
    36:37:void <init>(byte[],int) -> <init>
    45:47:void <init>(byte[],int,int) -> <init>
    66:68:byte[] readBytes(int) -> readBytes
    62:62:int readInt() -> readInt
    114:162:java.lang.String readName() -> readName
    166:167:java.lang.String readNonNameString() -> readNonNameString
    72:106:java.lang.String readUTF(int) -> readUTF
    54:54:int readUnsignedByte() -> readUnsignedByte
    58:58:int readUnsignedShort() -> readUnsignedShort