app/build/outputs/mapping/nonRootDebug/usage.txt
com.antplay.AppView:
    private static final int CREATE_SHORTCUT_ID
    public static final java.lang.String HIDDEN_APPS_PREF_FILENAME
    private static final int HIDE_APP_ID
    public static final java.lang.String NAME_EXTRA
    public static final java.lang.String NEW_PAIR_EXTRA
    private static final int QUIT_ID
    public static final java.lang.String SHOW_HIDDEN_APPS_EXTRA
    private static final int START_OR_RESUME_ID
    private static final int START_WITH_QUIT
    public static final java.lang.String UUID_EXTRA
    private static final int VIEW_DETAILS_ID
com.antplay.BuildConfig:
    public static final java.lang.String APPLICATION_ID
    public static final java.lang.String BUILD_TYPE
    public static final java.lang.String FLAVOR
    public static final boolean ROOT_BUILD
    public static final int VERSION_CODE
    public static final java.lang.String VERSION_NAME
    public void <init>()
com.antplay.Game:
    public static final java.lang.String EXTRA_APP_HDR
    public static final java.lang.String EXTRA_APP_ID
    public static final java.lang.String EXTRA_APP_NAME
    public static final java.lang.String EXTRA_HOST
    public static final java.lang.String EXTRA_HTTPS_PORT
    public static final java.lang.String EXTRA_PC_NAME
    public static final java.lang.String EXTRA_PC_UUID
    public static final java.lang.String EXTRA_PORT
    public static final java.lang.String EXTRA_SERVER_CERT
    public static final java.lang.String EXTRA_UNIQUEID
    private static final int REFERENCE_HORIZ_RES
    private static final int REFERENCE_VERT_RES
    private static final int STYLUS_DOWN_DEAD_ZONE_DELAY
    private static final int STYLUS_DOWN_DEAD_ZONE_RADIUS
    private static final int STYLUS_UP_DEAD_ZONE_DELAY
    private static final int STYLUS_UP_DEAD_ZONE_RADIUS
    private static final int THREE_FINGER_TAP_THRESHOLD
com.antplay.LimeLog:
    public static void setFileHandler(java.lang.String)
com.antplay.PcView:
    private static final int DELETE_ID
    private static final int FULL_APP_LIST_ID
    private static final int GAMESTREAM_EOL_ID
    private static final int PAIR_ID
    private static final int QUIT_ID
    private static final int RESUME_ID
    private static final int TEST_NETWORK_ID
    private static final int UNPAIR_ID
    private static final int VIEW_DETAILS_ID
    private static final int WOL_ID
com.antplay.PosterContentProvider:
    public static final int APP_ID_PATH_INDEX
    public static final java.lang.String AUTHORITY
    private static final java.lang.String BOXART_PATH
    private static final int BOXART_URI_ID
    public static final int COMPUTER_UUID_PATH_INDEX
    public static final java.lang.String PNG_MIME_TYPE
com.antplay.R$anim
com.antplay.R$array
com.antplay.R$attr
com.antplay.R$bool
com.antplay.R$color
com.antplay.R$dimen
com.antplay.R$drawable
com.antplay.R$id
com.antplay.R$integer
com.antplay.R$layout
com.antplay.R$mipmap
com.antplay.R$string
com.antplay.R$style
com.antplay.R$styleable
com.antplay.R$xml
com.antplay.R
com.antplay.api.APIClient
com.antplay.api.RetrofitAPI
com.antplay.binding.PlatformBinding:
    public void <init>()
com.antplay.binding.crypto.AndroidCryptoProvider:
    public java.lang.String encodeBase64String(byte[])
com.antplay.binding.input.ControllerHandler:
    private static final int EMULATING_SELECT
    private static final int EMULATING_SPECIAL
    private static final int MAXIMUM_BUMPER_UP_DELAY_MS
    private static final int MINIMUM_BUTTON_DOWN_TIME_MS
    private static final int START_DOWN_TIME_MOUSE_MODE_MS
    private short scaleRawStickAxis(float)
com.antplay.binding.input.KeyboardTranslator$KeyboardMapping:
    public int getDeviceKeyCodeForQwertyKeyCode(int)
...
org.bouncycastle.operator.bc.BcDefaultDigestProvider$5
org.bouncycastle.operator.bc.BcDefaultDigestProvider$6
org.bouncycastle.operator.bc.BcDefaultDigestProvider$7
org.bouncycastle.operator.bc.BcDefaultDigestProvider$8
org.bouncycastle.operator.bc.BcDefaultDigestProvider$9
org.bouncycastle.operator.bc.BcDefaultDigestProvider$AdjustedXof
org.bouncycastle.operator.bc.BcDefaultDigestProvider
org.bouncycastle.operator.bc.BcDigestCalculatorProvider$1
org.bouncycastle.operator.bc.BcDigestCalculatorProvider$DigestOutputStream
org.bouncycastle.operator.bc.BcDigestCalculatorProvider
org.bouncycastle.operator.bc.BcDigestProvider
org.bouncycastle.operator.bc.BcECContentSignerBuilder
org.bouncycastle.operator.bc.BcECContentVerifierProviderBuilder
org.bouncycastle.operator.bc.BcEdDSAContentVerifierProviderBuilder
org.bouncycastle.operator.bc.BcRSAAsymmetricKeyUnwrapper
org.bouncycastle.operator.bc.BcRSAAsymmetricKeyWrapper
org.bouncycastle.operator.bc.BcRSAContentSignerBuilder
org.bouncycastle.operator.bc.BcRSAContentVerifierProviderBuilder
org.bouncycastle.operator.bc.BcSignerOutputStream
org.bouncycastle.operator.bc.BcSymmetricKeyUnwrapper
org.bouncycastle.operator.bc.BcSymmetricKeyWrapper
org.bouncycastle.operator.bc.CamelliaUtil
org.bouncycastle.operator.bc.OperatorUtils
org.bouncycastle.operator.bc.SEEDUtil
org.bouncycastle.operator.jcajce.JcaAlgorithmParametersConverter
org.bouncycastle.operator.jcajce.JcaContentSignerBuilder:
    public void <init>(java.lang.String,java.security.spec.AlgorithmParameterSpec)
    private static org.bouncycastle.asn1.ASN1Sequence createCompParams(org.bouncycastle.jcajce.spec.CompositeAlgorithmSpec)
    private static org.bouncycastle.asn1.pkcs.RSASSAPSSparams createPSSParams(java.security.spec.PSSParameterSpec)
    public org.bouncycastle.operator.jcajce.JcaContentSignerBuilder setProvider(java.lang.String)
    public org.bouncycastle.operator.jcajce.JcaContentSignerBuilder setSecureRandom(java.security.SecureRandom)
org.bouncycastle.operator.jcajce.JcaContentVerifierProviderBuilder$1
org.bouncycastle.operator.jcajce.JcaContentVerifierProviderBuilder$2
org.bouncycastle.operator.jcajce.JcaContentVerifierProviderBuilder$CompositeVerifier
org.bouncycastle.operator.jcajce.JcaContentVerifierProviderBuilder$RawSigVerifier
org.bouncycastle.operator.jcajce.JcaContentVerifierProviderBuilder$SigVerifier
org.bouncycastle.operator.jcajce.JcaContentVerifierProviderBuilder
org.bouncycastle.operator.jcajce.JcaDigestCalculatorProviderBuilder$1$1
org.bouncycastle.operator.jcajce.JcaDigestCalculatorProviderBuilder$1
org.bouncycastle.operator.jcajce.JcaDigestCalculatorProviderBuilder$DigestOutputStream
org.bouncycastle.operator.jcajce.JcaDigestCalculatorProviderBuilder
org.bouncycastle.operator.jcajce.JceAsymmetricKeyUnwrapper
org.bouncycastle.operator.jcajce.JceAsymmetricKeyWrapper
org.bouncycastle.operator.jcajce.JceGenericKey
org.bouncycastle.operator.jcajce.JceInputDecryptorProviderBuilder$1$1
org.bouncycastle.operator.jcajce.JceInputDecryptorProviderBuilder$1
org.bouncycastle.operator.jcajce.JceInputDecryptorProviderBuilder
org.bouncycastle.operator.jcajce.JceKTSKeyUnwrapper
org.bouncycastle.operator.jcajce.JceKTSKeyWrapper
org.bouncycastle.operator.jcajce.JceSymmetricKeyUnwrapper
org.bouncycastle.operator.jcajce.JceSymmetricKeyWrapper
org.bouncycastle.operator.jcajce.OperatorHelper$OpCertificateException